<?xml version="1.0" encoding="UTF-8"?>
<!-- Generated by org.testng.reporters.JUnitXMLReporter -->
<testsuite ignored="0" hostname="DESKTOP-8OSH69I" failures="1" tests="4" name="Test" time="53.977" errors="0" timestamp="2025-07-30T20:01:21 IST">
  <testcase classname="tests.ValidatePasswordToggle" name="testPasswordMaskedbutton" time="3.481"/>
  <testcase classname="tests.LoginUsingBlankFields" name="LoginUsingBlankFieldsTest" time="9.612"/>
  <testcase classname="tests.LoginDisableEmptyFields" name="loginDisableEmptyFields" time="0.162">
    <failure type="java.lang.AssertionError" message="Login button should be disabled when fields are empty. expected [false] but found [true]">
      <![CDATA[java.lang.AssertionError: Login button should be disabled when fields are empty. expected [false] but found [true]
at tests.LoginDisableEmptyFields.loginDisableEmptyFields(LoginDisableEmptyFields.java:22)
at java.base/java.util.ArrayList.forEach(ArrayList.java:1511)
... Removed 30 stack frames]]>
    </failure>
  </testcase> <!-- loginDisableEmptyFields -->
  <testcase classname="tests.LoginUisngRandomCredentials" name="loginUisngRandomCredentials" time="6.966"/>
</testsuite> <!-- Test -->
