<?xml version="1.0" encoding="UTF-8"?>
<testng-results ignored="0" total="1" passed="1" failed="0" skipped="0">
  <reporter-output>
  </reporter-output>
  <suite started-at="2025-07-30T20:34:56 IST" name="Default suite" finished-at="2025-07-30T20:35:10 IST" duration-ms="13632">
    <groups>
    </groups>
    <test started-at="2025-07-30T20:34:56 IST" name="Default test" finished-at="2025-07-30T20:35:10 IST" duration-ms="13632">
      <class name="tests.ValidatePageElements">
        <test-method is-config="true" signature="setup()[pri:0, instance:tests.ValidatePageElements@1cf6d1be]" started-at="2025-07-30T20:34:56 IST" name="setup" finished-at="2025-07-30T20:35:09 IST" duration-ms="12797" status="PASS">
          <reporter-output>
          </reporter-output>
        </test-method> <!-- setup -->
        <test-method signature="validatePageElements()[pri:0, instance:tests.ValidatePageElements@1cf6d1be]" started-at="2025-07-30T20:35:09 IST" name="validatePageElements" finished-at="2025-07-30T20:35:09 IST" duration-ms="308" status="PASS">
          <reporter-output>
          </reporter-output>
        </test-method> <!-- validatePageElements -->
        <test-method is-config="true" signature="teardown()[pri:0, instance:tests.ValidatePageElements@1cf6d1be]" started-at="2025-07-30T20:35:09 IST" name="teardown" finished-at="2025-07-30T20:35:10 IST" duration-ms="429" status="PASS">
          <reporter-output>
          </reporter-output>
        </test-method> <!-- teardown -->
      </class> <!-- tests.ValidatePageElements -->
    </test> <!-- Default test -->
  </suite> <!-- Default suite -->
</testng-results>
